<?xml version="1.0" encoding="UTF-8"?>
<!-- Generated by org.testng.reporters.JUnitReportReporter -->
<testsuite hostname="ManuLaptop" name="com.selenium_test.imanueleyal.quickstart.LoginAndCreateFirstRepoTest" tests="9" failures="0" timestamp="22 Jan 2021 05:59:54 GMT" time="14.341" errors="0">
  <testcase name="closeTheBrowser" time="1.151" classname="com.selenium_test.imanueleyal.quickstart.LoginAndCreateFirstRepoTest"/>
  <testcase name="goToCreatePage" time="0.660" classname="com.selenium_test.imanueleyal.quickstart.LoginAndCreateFirstRepoTest"/>
  <testcase name="createNewProject" time="3.312" classname="com.selenium_test.imanueleyal.quickstart.LoginAndCreateFirstRepoTest"/>
  <testcase name="clickOnNewIssueButton" time="1.220" classname="com.selenium_test.imanueleyal.quickstart.LoginAndCreateFirstRepoTest"/>
  <testcase name="goToGithubWebSite" time="3.231" classname="com.selenium_test.imanueleyal.quickstart.LoginAndCreateFirstRepoTest"/>
  <testcase name="clickOnIssuesTab" time="0.327" classname="com.selenium_test.imanueleyal.quickstart.LoginAndCreateFirstRepoTest"/>
  <testcase name="setAnNewIssue" time="1.998" classname="com.selenium_test.imanueleyal.quickstart.LoginAndCreateFirstRepoTest"/>
  <testcase name="loginToGithub" time="1.610" classname="com.selenium_test.imanueleyal.quickstart.LoginAndCreateFirstRepoTest"/>
  <testcase name="clickOnSignInButton" time="0.832" classname="com.selenium_test.imanueleyal.quickstart.LoginAndCreateFirstRepoTest"/>
</testsuite> <!-- com.selenium_test.imanueleyal.quickstart.LoginAndCreateFirstRepoTest -->
